<?xml version="1.0" encoding="UTF-8"?>
<testsuite xmlns:xsi="http://www.w3.org/2001/XMLSchema-instance" xsi:noNamespaceSchemaLocation="https://maven.apache.org/surefire/maven-surefire-plugin/xsd/surefire-test-report.xsd" name="com.pluralsight.courseinfo.domain.CourseTest" time="0.058" tests="2" errors="0" skipped="0" failures="0">
  <properties>
[...]
</properties>
  <testcase name="rejectNullComponents" classname="com.pluralsight.courseinfo.domain.CourseTest" time="0.043"/>
  <testcase name="rejectBlankNotes" classname="com.pluralsight.courseinfo.domain.CourseTest" time="0.005"/>
</testsuite>